{
  "RSpec": {
    "coverage": {
      "/Users/molly/microservices-router/app/helpers/application_helper.rb": [
        1,
        null
      ],
      "/Users/molly/microservices-router/app/helpers/model_helper.rb": [
        1,
        null
      ],
      "/Users/molly/microservices-router/app/controllers/application_controller.rb": [
        0,
        0,
        0,
        0,
        0
      ],
      "/Users/molly/microservices-router/app/controllers/model_controller.rb": [
        0,
        0,
        0,
        0
      ],
      "/Users/molly/microservices-router/app/models/model.rb": [
        0,
        0,
        0
      ],
      "/Users/molly/microservices-router/app/models/service.rb": [
        0,
        0,
        0
      ]
    },
    "timestamp": 1473355442
  }
}
